<?xml version="1.0" encoding="UTF-8"?>
<testsuite xmlns:xsi="http://www.w3.org/2001/XMLSchema-instance" xsi:noNamespaceSchemaLocation="https://maven.apache.org/surefire/maven-surefire-plugin/xsd/surefire-test-report.xsd" name="NewEmptyJUnitTest" time="0.032" tests="4" errors="0" skipped="0" failures="0">
  <properties>
[...]
</properties>
  <testcase name="testSoustraction" classname="NewEmptyJUnitTest" time="0.02"/>
  <testcase name="testMultiplication" classname="NewEmptyJUnitTest" time="0"/>
  <testcase name="testAddition" classname="NewEmptyJUnitTest" time="0.001"/>
  <testcase name="testDivision" classname="NewEmptyJUnitTest" time="0"/>
</testsuite>